<?xml version="1.0" encoding="UTF-8"?>
<!-- Generated by org.testng.reporters.JUnitXMLReporter -->
<testsuite ignored="9" hostname="PIO-L-4110" failures="0" tests="1" name="Default test" time="241.678" errors="0" timestamp="2024-09-11T17:27:40 IST">
  <testcase classname="com.nucleus.qa.testcases.LoginPageTest" name="TestCase1" time="239.479"/>
  <testcase classname="com.nucleus.qa.testcases.LoginPageTest" name="TestCase8" time="0.0">
    <ignored/>
  </testcase> <!-- TestCase8 -->
  <testcase classname="com.nucleus.qa.testcases.LoginPageTest" name="TestCase7" time="0.0">
    <ignored/>
  </testcase> <!-- TestCase7 -->
  <testcase classname="com.nucleus.qa.testcases.LoginPageTest" name="TestCase9" time="0.0">
    <ignored/>
  </testcase> <!-- TestCase9 -->
  <testcase classname="com.nucleus.qa.testcases.LoginPageTest" name="TestCase4" time="0.0">
    <ignored/>
  </testcase> <!-- TestCase4 -->
  <testcase classname="com.nucleus.qa.testcases.LoginPageTest" name="TestCase3" time="0.0">
    <ignored/>
  </testcase> <!-- TestCase3 -->
  <testcase classname="com.nucleus.qa.testcases.LoginPageTest" name="TestCase6" time="0.0">
    <ignored/>
  </testcase> <!-- TestCase6 -->
  <testcase classname="com.nucleus.qa.testcases.LoginPageTest" name="TestCase5" time="0.0">
    <ignored/>
  </testcase> <!-- TestCase5 -->
  <testcase classname="com.nucleus.qa.testcases.LoginPageTest" name="TestCase10" time="0.0">
    <ignored/>
  </testcase> <!-- TestCase10 -->
  <testcase classname="com.nucleus.qa.testcases.LoginPageTest" name="TestCase2" time="0.0">
    <ignored/>
  </testcase> <!-- TestCase2 -->
</testsuite> <!-- Default test -->
