<?xml version="1.0" encoding="UTF-8"?>
<!-- Generated by org.testng.reporters.JUnitXMLReporter -->
<testsuite ignored="0" hostname="PIO-L-4110" failures="0" tests="12" name="Default test" time="758.2" errors="0" timestamp="2025-01-28T16:03:40 IST">
  <testcase classname="com.nucleus.qa.testcases.CoreSystemTesting" name="TestCase1" time="54.608"/>
  <testcase classname="com.nucleus.qa.testcases.CoreSystemTesting" name="TestCase10" time="89.373"/>
  <testcase classname="com.nucleus.qa.testcases.CoreSystemTesting" name="TestCase11" time="57.351"/>
  <testcase classname="com.nucleus.qa.testcases.CoreSystemTesting" name="TestCase12" time="48.656"/>
  <testcase classname="com.nucleus.qa.testcases.CoreSystemTesting" name="TestCase2" time="29.598"/>
  <testcase classname="com.nucleus.qa.testcases.CoreSystemTesting" name="TestCase3" time="52.721"/>
  <testcase classname="com.nucleus.qa.testcases.CoreSystemTesting" name="TestCase4" time="56.874"/>
  <testcase classname="com.nucleus.qa.testcases.CoreSystemTesting" name="TestCase5" time="62.422"/>
  <testcase classname="com.nucleus.qa.testcases.CoreSystemTesting" name="TestCase6" time="104.898"/>
  <testcase classname="com.nucleus.qa.testcases.CoreSystemTesting" name="TestCase7" time="56.192"/>
  <testcase classname="com.nucleus.qa.testcases.CoreSystemTesting" name="TestCase8" time="58.738"/>
  <testcase classname="com.nucleus.qa.testcases.CoreSystemTesting" name="TestCase9" time="70.658"/>
</testsuite> <!-- Default test -->
