<?xml version="1.0" encoding="UTF-8"?>
<!-- Generated by org.testng.reporters.JUnitXMLReporter -->
<testsuite ignored="20" hostname="PIO-L-4110" failures="0" tests="1" name="Test" time="32.746" errors="0" timestamp="2025-01-28T19:37:07 IST">
  <testcase classname="com.nucleus.qa.testcases.ExternalPortal" name="TestCase1" time="30.849"/>
  <testcase classname="com.nucleus.qa.testcases.ExternalPortal" name="TestCase11" time="0.0">
    <ignored/>
  </testcase> <!-- TestCase11 -->
  <testcase classname="com.nucleus.qa.testcases.ExternalPortal" name="TestCase20" time="0.0">
    <ignored/>
  </testcase> <!-- TestCase20 -->
  <testcase classname="com.nucleus.qa.testcases.ExternalPortal" name="TestCase7" time="0.0">
    <ignored/>
  </testcase> <!-- TestCase7 -->
  <testcase classname="com.nucleus.qa.testcases.ExternalPortal" name="TestCase12" time="0.0">
    <ignored/>
  </testcase> <!-- TestCase12 -->
  <testcase classname="com.nucleus.qa.testcases.ExternalPortal" name="TestCase15" time="0.0">
    <ignored/>
  </testcase> <!-- TestCase15 -->
  <testcase classname="com.nucleus.qa.testcases.ExternalPortal" name="TestCase6" time="0.0">
    <ignored/>
  </testcase> <!-- TestCase6 -->
  <testcase classname="com.nucleus.qa.testcases.ExternalPortal" name="TestCase9" time="0.0">
    <ignored/>
  </testcase> <!-- TestCase9 -->
  <testcase classname="com.nucleus.qa.testcases.ExternalPortal" name="TestCase21" time="0.0">
    <ignored/>
  </testcase> <!-- TestCase21 -->
  <testcase classname="com.nucleus.qa.testcases.ExternalPortal" name="TestCase10" time="0.0">
    <ignored/>
  </testcase> <!-- TestCase10 -->
  <testcase classname="com.nucleus.qa.testcases.ExternalPortal" name="TestCase19" time="0.0">
    <ignored/>
  </testcase> <!-- TestCase19 -->
  <testcase classname="com.nucleus.qa.testcases.ExternalPortal" name="TestCase17" time="0.0">
    <ignored/>
  </testcase> <!-- TestCase17 -->
  <testcase classname="com.nucleus.qa.testcases.ExternalPortal" name="TestCase18" time="0.0">
    <ignored/>
  </testcase> <!-- TestCase18 -->
  <testcase classname="com.nucleus.qa.testcases.ExternalPortal" name="TestCase13" time="0.0">
    <ignored/>
  </testcase> <!-- TestCase13 -->
  <testcase classname="com.nucleus.qa.testcases.ExternalPortal" name="TestCase8" time="0.0">
    <ignored/>
  </testcase> <!-- TestCase8 -->
  <testcase classname="com.nucleus.qa.testcases.ExternalPortal" name="TestCase16" time="0.0">
    <ignored/>
  </testcase> <!-- TestCase16 -->
  <testcase classname="com.nucleus.qa.testcases.ExternalPortal" name="TestCase3" time="0.0">
    <ignored/>
  </testcase> <!-- TestCase3 -->
  <testcase classname="com.nucleus.qa.testcases.ExternalPortal" name="TestCase2" time="0.0">
    <ignored/>
  </testcase> <!-- TestCase2 -->
  <testcase classname="com.nucleus.qa.testcases.ExternalPortal" name="TestCase14" time="0.0">
    <ignored/>
  </testcase> <!-- TestCase14 -->
  <testcase classname="com.nucleus.qa.testcases.ExternalPortal" name="TestCase5" time="0.0">
    <ignored/>
  </testcase> <!-- TestCase5 -->
  <testcase classname="com.nucleus.qa.testcases.ExternalPortal" name="TestCase4" time="0.0">
    <ignored/>
  </testcase> <!-- TestCase4 -->
</testsuite> <!-- Test -->
