<?xml version="1.0" encoding="UTF-8"?>
<testng-results ignored="0" total="0" passed="0" failed="0" skipped="0">
  <reporter-output>
  </reporter-output>
  <suite started-at="2024-09-19T19:54:42 IST" name="Default suite" finished-at="2024-09-19T19:54:42 IST" duration-ms="12">
    <groups>
    </groups>
    <test started-at="2024-09-19T19:54:42 IST" name="Default test" finished-at="2024-09-19T19:54:42 IST" duration-ms="12">
      <class name="com.nucleus.qa.testcases.CoreSystemTesting">
        <test-method is-config="true" signature="start()[pri:0, instance:com.nucleus.qa.testcases.CoreSystemTesting@3af9aa66]" started-at="2024-09-19T19:54:42 IST" name="start" finished-at="2024-09-19T19:54:42 IST" duration-ms="19" status="PASS">
          <reporter-output>
          </reporter-output>
        </test-method> <!-- start -->
        <test-method is-config="true" signature="Exit()[pri:0, instance:com.nucleus.qa.testcases.CoreSystemTesting@3af9aa66]" started-at="2024-09-19T19:54:42 IST" name="Exit" finished-at="2024-09-19T19:54:47 IST" duration-ms="5514" status="PASS">
          <reporter-output>
          </reporter-output>
        </test-method> <!-- Exit -->
      </class> <!-- com.nucleus.qa.testcases.CoreSystemTesting -->
    </test> <!-- Default test -->
  </suite> <!-- Default suite -->
</testng-results>
