<?xml version="1.0" encoding="UTF-8"?>
<testng-results ignored="0" total="12" passed="12" failed="0" skipped="0">
  <reporter-output>
  </reporter-output>
  <suite started-at="2024-10-29T17:25:09 IST" name="Command line suite" finished-at="2024-10-29T17:38:32 IST" duration-ms="802307">
    <groups>
    </groups>
    <test started-at="2024-10-29T17:25:09 IST" name="Command line test" finished-at="2024-10-29T17:38:32 IST" duration-ms="802307">
      <class name="com.nucleus.qa.testcases.CoreSystemTesting">
        <test-method is-config="true" signature="start()[pri:0, instance:com.nucleus.qa.testcases.CoreSystemTesting@3bd7f8dc]" started-at="2024-10-29T17:25:09 IST" name="start" finished-at="2024-10-29T17:25:09 IST" duration-ms="27" status="PASS">
          <reporter-output>
          </reporter-output>
        </test-method> <!-- start -->
        <test-method is-config="true" signature="setUp()[pri:0, instance:com.nucleus.qa.testcases.CoreSystemTesting@3bd7f8dc]" started-at="2024-10-29T17:25:09 IST" name="setUp" finished-at="2024-10-29T17:25:11 IST" duration-ms="1580" status="PASS">
          <reporter-output>
          </reporter-output>
        </test-method> <!-- setUp -->
        <test-method signature="TestCase1()[pri:0, instance:com.nucleus.qa.testcases.CoreSystemTesting@3bd7f8dc]" started-at="2024-10-29T17:25:11 IST" name="TestCase1" finished-at="2024-10-29T17:26:09 IST" duration-ms="58302" status="PASS">
          <reporter-output>
          </reporter-output>
        </test-method> <!-- TestCase1 -->
        <test-method is-config="true" signature="tearDown()[pri:0, instance:com.nucleus.qa.testcases.CoreSystemTesting@3bd7f8dc]" started-at="2024-10-29T17:26:09 IST" name="tearDown" finished-at="2024-10-29T17:26:09 IST" duration-ms="351" status="PASS">
          <reporter-output>
          </reporter-output>
        </test-method> <!-- tearDown -->
        <test-method is-config="true" signature="setUp()[pri:0, instance:com.nucleus.qa.testcases.CoreSystemTesting@3bd7f8dc]" started-at="2024-10-29T17:26:09 IST" name="setUp" finished-at="2024-10-29T17:26:10 IST" duration-ms="862" status="PASS">
          <reporter-output>
          </reporter-output>
        </test-method> <!-- setUp -->
        <test-method signature="TestCase10()[pri:0, instance:com.nucleus.qa.testcases.CoreSystemTesting@3bd7f8dc]" started-at="2024-10-29T17:26:10 IST" name="TestCase10" finished-at="2024-10-29T17:27:38 IST" duration-ms="87523" status="PASS">
          <reporter-output>
          </reporter-output>
        </test-method> <!-- TestCase10 -->
        <test-method is-config="true" signature="tearDown()[pri:0, instance:com.nucleus.qa.testcases.CoreSystemTesting@3bd7f8dc]" started-at="2024-10-29T17:27:38 IST" name="tearDown" finished-at="2024-10-29T17:27:38 IST" duration-ms="355" status="PASS">
          <reporter-output>
          </reporter-output>
        </test-method> <!-- tearDown -->
        <test-method is-config="true" signature="setUp()[pri:0, instance:com.nucleus.qa.testcases.CoreSystemTesting@3bd7f8dc]" started-at="2024-10-29T17:27:38 IST" name="setUp" finished-at="2024-10-29T17:27:39 IST" duration-ms="867" status="PASS">
          <reporter-output>
          </reporter-output>
        </test-method> <!-- setUp -->
        <test-method signature="TestCase11()[pri:0, instance:com.nucleus.qa.testcases.CoreSystemTesting@3bd7f8dc]" started-at="2024-10-29T17:27:39 IST" name="TestCase11" finished-at="2024-10-29T17:28:24 IST" duration-ms="44472" status="PASS">
          <reporter-output>
          </reporter-output>
        </test-method> <!-- TestCase11 -->
        <test-method is-config="true" signature="tearDown()[pri:0, instance:com.nucleus.qa.testcases.CoreSystemTesting@3bd7f8dc]" started-at="2024-10-29T17:28:24 IST" name="tearDown" finished-at="2024-10-29T17:28:24 IST" duration-ms="291" status="PASS">
          <reporter-output>
          </reporter-output>
        </test-method> <!-- tearDown -->
        <test-method is-config="true" signature="setUp()[pri:0, instance:com.nucleus.qa.testcases.CoreSystemTesting@3bd7f8dc]" started-at="2024-10-29T17:28:24 IST" name="setUp" finished-at="2024-10-29T17:28:25 IST" duration-ms="906" status="PASS">
          <reporter-output>
          </reporter-output>
        </test-method> <!-- setUp -->
        <test-method signature="TestCase12()[pri:0, instance:com.nucleus.qa.testcases.CoreSystemTesting@3bd7f8dc]" started-at="2024-10-29T17:28:25 IST" name="TestCase12" finished-at="2024-10-29T17:29:12 IST" duration-ms="47644" status="PASS">
          <reporter-output>
          </reporter-output>
        </test-method> <!-- TestCase12 -->
        <test-method is-config="true" signature="tearDown()[pri:0, instance:com.nucleus.qa.testcases.CoreSystemTesting@3bd7f8dc]" started-at="2024-10-29T17:29:12 IST" name="tearDown" finished-at="2024-10-29T17:29:13 IST" duration-ms="292" status="PASS">
          <reporter-output>
          </reporter-output>
        </test-method> <!-- tearDown -->
        <test-method is-config="true" signature="setUp()[pri:0, instance:com.nucleus.qa.testcases.CoreSystemTesting@3bd7f8dc]" started-at="2024-10-29T17:29:13 IST" name="setUp" finished-at="2024-10-29T17:29:14 IST" duration-ms="860" status="PASS">
          <reporter-output>
          </reporter-output>
        </test-method> <!-- setUp -->
        <test-method signature="TestCase2()[pri:0, instance:com.nucleus.qa.testcases.CoreSystemTesting@3bd7f8dc]" started-at="2024-10-29T17:29:14 IST" name="TestCase2" finished-at="2024-10-29T17:29:46 IST" duration-ms="31961" status="PASS">
          <reporter-output>
          </reporter-output>
        </test-method> <!-- TestCase2 -->
        <test-method is-config="true" signature="tearDown()[pri:0, instance:com.nucleus.qa.testcases.CoreSystemTesting@3bd7f8dc]" started-at="2024-10-29T17:29:46 IST" name="tearDown" finished-at="2024-10-29T17:29:46 IST" duration-ms="291" status="PASS">
          <reporter-output>
          </reporter-output>
        </test-method> <!-- tearDown -->
        <test-method is-config="true" signature="setUp()[pri:0, instance:com.nucleus.qa.testcases.CoreSystemTesting@3bd7f8dc]" started-at="2024-10-29T17:29:46 IST" name="setUp" finished-at="2024-10-29T17:29:47 IST" duration-ms="893" status="PASS">
          <reporter-output>
          </reporter-output>
        </test-method> <!-- setUp -->
        <test-method signature="TestCase3()[pri:0, instance:com.nucleus.qa.testcases.CoreSystemTesting@3bd7f8dc]" started-at="2024-10-29T17:29:47 IST" name="TestCase3" finished-at="2024-10-29T17:31:33 IST" duration-ms="106219" status="PASS">
          <reporter-output>
          </reporter-output>
        </test-method> <!-- TestCase3 -->
        <test-method is-config="true" signature="tearDown()[pri:0, instance:com.nucleus.qa.testcases.CoreSystemTesting@3bd7f8dc]" started-at="2024-10-29T17:31:33 IST" name="tearDown" finished-at="2024-10-29T17:31:33 IST" duration-ms="387" status="PASS">
          <reporter-output>
          </reporter-output>
        </test-method> <!-- tearDown -->
        <test-method is-config="true" signature="setUp()[pri:0, instance:com.nucleus.qa.testcases.CoreSystemTesting@3bd7f8dc]" started-at="2024-10-29T17:31:33 IST" name="setUp" finished-at="2024-10-29T17:31:34 IST" duration-ms="931" status="PASS">
          <reporter-output>
          </reporter-output>
        </test-method> <!-- setUp -->
        <test-method signature="TestCase4()[pri:0, instance:com.nucleus.qa.testcases.CoreSystemTesting@3bd7f8dc]" started-at="2024-10-29T17:31:34 IST" name="TestCase4" finished-at="2024-10-29T17:32:33 IST" duration-ms="59058" status="PASS">
          <reporter-output>
          </reporter-output>
        </test-method> <!-- TestCase4 -->
        <test-method is-config="true" signature="tearDown()[pri:0, instance:com.nucleus.qa.testcases.CoreSystemTesting@3bd7f8dc]" started-at="2024-10-29T17:32:33 IST" name="tearDown" finished-at="2024-10-29T17:32:34 IST" duration-ms="323" status="PASS">
          <reporter-output>
          </reporter-output>
        </test-method> <!-- tearDown -->
        <test-method is-config="true" signature="setUp()[pri:0, instance:com.nucleus.qa.testcases.CoreSystemTesting@3bd7f8dc]" started-at="2024-10-29T17:32:34 IST" name="setUp" finished-at="2024-10-29T17:32:34 IST" duration-ms="827" status="PASS">
          <reporter-output>
          </reporter-output>
        </test-method> <!-- setUp -->
        <test-method signature="TestCase5()[pri:0, instance:com.nucleus.qa.testcases.CoreSystemTesting@3bd7f8dc]" started-at="2024-10-29T17:32:34 IST" name="TestCase5" finished-at="2024-10-29T17:33:39 IST" duration-ms="64043" status="PASS">
          <reporter-output>
          </reporter-output>
        </test-method> <!-- TestCase5 -->
        <test-method is-config="true" signature="tearDown()[pri:0, instance:com.nucleus.qa.testcases.CoreSystemTesting@3bd7f8dc]" started-at="2024-10-29T17:33:39 IST" name="tearDown" finished-at="2024-10-29T17:33:39 IST" duration-ms="307" status="PASS">
          <reporter-output>
          </reporter-output>
        </test-method> <!-- tearDown -->
        <test-method is-config="true" signature="setUp()[pri:0, instance:com.nucleus.qa.testcases.CoreSystemTesting@3bd7f8dc]" started-at="2024-10-29T17:33:39 IST" name="setUp" finished-at="2024-10-29T17:33:40 IST" duration-ms="842" status="PASS">
          <reporter-output>
          </reporter-output>
        </test-method> <!-- setUp -->
        <test-method signature="TestCase6()[pri:0, instance:com.nucleus.qa.testcases.CoreSystemTesting@3bd7f8dc]" started-at="2024-10-29T17:33:40 IST" name="TestCase6" finished-at="2024-10-29T17:35:25 IST" duration-ms="105200" status="PASS">
          <reporter-output>
          </reporter-output>
        </test-method> <!-- TestCase6 -->
        <test-method is-config="true" signature="tearDown()[pri:0, instance:com.nucleus.qa.testcases.CoreSystemTesting@3bd7f8dc]" started-at="2024-10-29T17:35:25 IST" name="tearDown" finished-at="2024-10-29T17:35:25 IST" duration-ms="326" status="PASS">
          <reporter-output>
          </reporter-output>
        </test-method> <!-- tearDown -->
        <test-method is-config="true" signature="setUp()[pri:0, instance:com.nucleus.qa.testcases.CoreSystemTesting@3bd7f8dc]" started-at="2024-10-29T17:35:25 IST" name="setUp" finished-at="2024-10-29T17:35:26 IST" duration-ms="841" status="PASS">
          <reporter-output>
          </reporter-output>
        </test-method> <!-- setUp -->
        <test-method signature="TestCase7()[pri:0, instance:com.nucleus.qa.testcases.CoreSystemTesting@3bd7f8dc]" started-at="2024-10-29T17:35:26 IST" name="TestCase7" finished-at="2024-10-29T17:36:20 IST" duration-ms="54375" status="PASS">
          <reporter-output>
          </reporter-output>
        </test-method> <!-- TestCase7 -->
        <test-method is-config="true" signature="tearDown()[pri:0, instance:com.nucleus.qa.testcases.CoreSystemTesting@3bd7f8dc]" started-at="2024-10-29T17:36:20 IST" name="tearDown" finished-at="2024-10-29T17:36:21 IST" duration-ms="290" status="PASS">
          <reporter-output>
          </reporter-output>
        </test-method> <!-- tearDown -->
        <test-method is-config="true" signature="setUp()[pri:0, instance:com.nucleus.qa.testcases.CoreSystemTesting@3bd7f8dc]" started-at="2024-10-29T17:36:21 IST" name="setUp" finished-at="2024-10-29T17:36:22 IST" duration-ms="832" status="PASS">
          <reporter-output>
          </reporter-output>
        </test-method> <!-- setUp -->
        <test-method signature="TestCase8()[pri:0, instance:com.nucleus.qa.testcases.CoreSystemTesting@3bd7f8dc]" started-at="2024-10-29T17:36:22 IST" name="TestCase8" finished-at="2024-10-29T17:37:20 IST" duration-ms="58977" status="PASS">
          <reporter-output>
          </reporter-output>
        </test-method> <!-- TestCase8 -->
        <test-method is-config="true" signature="tearDown()[pri:0, instance:com.nucleus.qa.testcases.CoreSystemTesting@3bd7f8dc]" started-at="2024-10-29T17:37:20 IST" name="tearDown" finished-at="2024-10-29T17:37:21 IST" duration-ms="302" status="PASS">
          <reporter-output>
          </reporter-output>
        </test-method> <!-- tearDown -->
        <test-method is-config="true" signature="setUp()[pri:0, instance:com.nucleus.qa.testcases.CoreSystemTesting@3bd7f8dc]" started-at="2024-10-29T17:37:21 IST" name="setUp" finished-at="2024-10-29T17:37:22 IST" duration-ms="858" status="PASS">
          <reporter-output>
          </reporter-output>
        </test-method> <!-- setUp -->
        <test-method signature="TestCase9()[pri:0, instance:com.nucleus.qa.testcases.CoreSystemTesting@3bd7f8dc]" started-at="2024-10-29T17:37:22 IST" name="TestCase9" finished-at="2024-10-29T17:38:31 IST" duration-ms="69551" status="PASS">
          <reporter-output>
          </reporter-output>
        </test-method> <!-- TestCase9 -->
        <test-method is-config="true" signature="tearDown()[pri:0, instance:com.nucleus.qa.testcases.CoreSystemTesting@3bd7f8dc]" started-at="2024-10-29T17:38:31 IST" name="tearDown" finished-at="2024-10-29T17:38:32 IST" duration-ms="314" status="PASS">
          <reporter-output>
          </reporter-output>
        </test-method> <!-- tearDown -->
        <test-method is-config="true" signature="Exit()[pri:0, instance:com.nucleus.qa.testcases.CoreSystemTesting@3bd7f8dc]" started-at="2024-10-29T17:38:32 IST" name="Exit" finished-at="2024-10-29T17:38:33 IST" duration-ms="976" status="PASS">
          <reporter-output>
          </reporter-output>
        </test-method> <!-- Exit -->
      </class> <!-- com.nucleus.qa.testcases.CoreSystemTesting -->
    </test> <!-- Command line test -->
  </suite> <!-- Command line suite -->
</testng-results>
